<?xml version="1.0" encoding="UTF-8"?>
<coverage generated="1594495706990" clover="3.2.0">
  <project timestamp="1594495706990" name="All files">
    <metrics statements="121" coveredstatements="94" conditionals="74" coveredconditionals="58" methods="31" coveredmethods="22" elements="226" coveredelements="174" complexity="0" loc="121" ncloc="121" packages="2" files="9" classes="9"/>
    <package name="src">
      <metrics statements="59" coveredstatements="58" conditionals="32" coveredconditionals="30" methods="19" coveredmethods="17"/>
      <file name="help.ts" path="C:\Users\Administrator\Documents\reaction.git\src\help.ts">
        <metrics statements="1" coveredstatements="1" conditionals="0" coveredconditionals="0" methods="1" coveredmethods="1"/>
        <line num="3" count="64" type="stmt"/>
      </file>
      <file name="index.ts" path="C:\Users\Administrator\Documents\reaction.git\src\index.ts">
        <metrics statements="0" coveredstatements="0" conditionals="0" coveredconditionals="0" methods="0" coveredmethods="0"/>
      </file>
      <file name="internals.ts" path="C:\Users\Administrator\Documents\reaction.git\src\internals.ts">
        <metrics statements="9" coveredstatements="8" conditionals="0" coveredconditionals="0" methods="3" coveredmethods="2"/>
        <line num="8" count="3" type="stmt"/>
        <line num="9" count="3" type="stmt"/>
        <line num="10" count="3" type="stmt"/>
        <line num="11" count="3" type="stmt"/>
        <line num="14" count="22" type="stmt"/>
        <line num="18" count="22" type="stmt"/>
        <line num="19" count="22" type="stmt"/>
        <line num="20" count="22" type="stmt"/>
        <line num="24" count="0" type="stmt"/>
      </file>
      <file name="observable.ts" path="C:\Users\Administrator\Documents\reaction.git\src\observable.ts">
        <metrics statements="7" coveredstatements="7" conditionals="5" coveredconditionals="5" methods="2" coveredmethods="2"/>
        <line num="11" count="3" type="cond" truecount="1" falsecount="0"/>
        <line num="13" count="26" type="cond" truecount="2" falsecount="0"/>
        <line num="14" count="25" type="stmt"/>
        <line num="16" count="25" type="cond" truecount="2" falsecount="0"/>
        <line num="18" count="22" type="stmt"/>
        <line num="20" count="22" type="stmt"/>
        <line num="23" count="11" type="stmt"/>
      </file>
      <file name="observer.ts" path="C:\Users\Administrator\Documents\reaction.git\src\observer.ts">
        <metrics statements="4" coveredstatements="4" conditionals="0" coveredconditionals="0" methods="1" coveredmethods="1"/>
        <line num="3" count="3" type="stmt"/>
        <line num="4" count="18" type="stmt"/>
        <line num="5" count="18" type="stmt"/>
        <line num="6" count="18" type="stmt"/>
      </file>
      <file name="reaction.ts" path="C:\Users\Administrator\Documents\reaction.git\src\reaction.ts">
        <metrics statements="38" coveredstatements="38" conditionals="27" coveredconditionals="25" methods="12" coveredmethods="11"/>
        <line num="11" count="18" type="stmt"/>
        <line num="12" count="3" type="stmt"/>
        <line num="13" count="18" type="stmt"/>
        <line num="15" count="3" type="stmt"/>
        <line num="18" count="18" type="stmt"/>
        <line num="23" count="50" type="cond" truecount="2" falsecount="0"/>
        <line num="24" count="43" type="stmt"/>
        <line num="25" count="43" type="stmt"/>
        <line num="26" count="43" type="stmt"/>
        <line num="27" count="43" type="stmt"/>
        <line num="31" count="43" type="stmt"/>
        <line num="39" count="48" type="cond" truecount="2" falsecount="0"/>
        <line num="40" count="30" type="stmt"/>
        <line num="41" count="46" type="stmt"/>
        <line num="43" count="30" type="stmt"/>
        <line num="50" count="5" type="cond" truecount="2" falsecount="0"/>
        <line num="55" count="95" type="stmt"/>
        <line num="56" count="95" type="cond" truecount="2" falsecount="0"/>
        <line num="57" count="68" type="stmt"/>
        <line num="60" count="68" type="cond" truecount="1" falsecount="1"/>
        <line num="62" count="68" type="stmt"/>
        <line num="63" count="68" type="stmt"/>
        <line num="65" count="68" type="cond" truecount="2" falsecount="0"/>
        <line num="66" count="20" type="stmt"/>
        <line num="67" count="20" type="stmt"/>
        <line num="70" count="68" type="cond" truecount="2" falsecount="0"/>
        <line num="71" count="64" type="stmt"/>
        <line num="72" count="64" type="stmt"/>
        <line num="81" count="40" type="stmt"/>
        <line num="82" count="40" type="cond" truecount="2" falsecount="0"/>
        <line num="88" count="33" type="cond" truecount="1" falsecount="1"/>
        <line num="89" count="33" type="stmt"/>
        <line num="91" count="33" type="cond" truecount="2" falsecount="0"/>
        <line num="93" count="33" type="cond" truecount="5" falsecount="0"/>
        <line num="94" count="7" type="cond" truecount="2" falsecount="0"/>
        <line num="97" count="33" type="stmt"/>
        <line num="102" count="33" type="stmt"/>
        <line num="106" count="94" type="stmt"/>
      </file>
    </package>
    <package name="src.handles">
      <metrics statements="62" coveredstatements="36" conditionals="42" coveredconditionals="28" methods="12" coveredmethods="5"/>
      <file name="base.ts" path="C:\Users\Administrator\Documents\reaction.git\src\handles\base.ts">
        <metrics statements="34" coveredstatements="32" conditionals="27" coveredconditionals="26" methods="5" coveredmethods="4"/>
        <line num="6" count="3" type="stmt"/>
        <line num="8" count="96" type="stmt"/>
        <line num="10" count="96" type="cond" truecount="2" falsecount="0"/>
        <line num="12" count="94" type="stmt"/>
        <line num="13" count="94" type="stmt"/>
        <line num="16" count="94" type="cond" truecount="5" falsecount="0"/>
        <line num="19" count="5" type="stmt"/>
        <line num="21" count="5" type="cond" truecount="6" falsecount="0"/>
        <line num="23" count="4" type="stmt"/>
        <line num="27" count="90" type="cond" truecount="2" falsecount="0"/>
        <line num="31" count="3" type="stmt"/>
        <line num="32" count="32" type="stmt"/>
        <line num="33" count="32" type="stmt"/>
        <line num="35" count="32" type="cond" truecount="4" falsecount="0"/>
        <line num="36" count="3" type="cond" truecount="2" falsecount="0"/>
        <line num="40" count="32" type="stmt"/>
        <line num="42" count="32" type="cond" truecount="2" falsecount="0"/>
        <line num="43" count="5" type="stmt"/>
        <line num="45" count="27" type="cond" truecount="2" falsecount="0"/>
        <line num="46" count="26" type="stmt"/>
        <line num="49" count="32" type="stmt"/>
        <line num="53" count="3" type="stmt"/>
        <line num="54" count="2" type="stmt"/>
        <line num="55" count="2" type="stmt"/>
        <line num="57" count="2" type="cond" truecount="1" falsecount="1"/>
        <line num="58" count="2" type="stmt"/>
        <line num="61" count="2" type="stmt"/>
        <line num="64" count="3" type="stmt"/>
        <line num="66" count="1" type="stmt"/>
        <line num="67" count="1" type="stmt"/>
        <line num="72" count="3" type="stmt"/>
        <line num="73" count="0" type="stmt"/>
        <line num="74" count="0" type="stmt"/>
        <line num="77" count="3" type="stmt"/>
      </file>
      <file name="collections.ts" path="C:\Users\Administrator\Documents\reaction.git\src\handles\collections.ts">
        <metrics statements="26" coveredstatements="2" conditionals="13" coveredconditionals="0" methods="6" coveredmethods="0"/>
        <line num="9" count="0" type="stmt"/>
        <line num="10" count="0" type="cond" truecount="0" falsecount="5"/>
        <line num="11" count="0" type="cond" truecount="0" falsecount="2"/>
        <line num="12" count="0" type="stmt"/>
        <line num="15" count="0" type="cond" truecount="0" falsecount="2"/>
        <line num="19" count="3" type="stmt"/>
        <line num="20" count="0" type="stmt"/>
        <line num="29" count="3" type="stmt"/>
        <line num="32" count="0" type="stmt"/>
        <line num="33" count="0" type="stmt"/>
        <line num="34" count="0" type="stmt"/>
        <line num="38" count="0" type="stmt"/>
        <line num="39" count="0" type="stmt"/>
        <line num="40" count="0" type="stmt"/>
        <line num="41" count="0" type="cond" truecount="0" falsecount="2"/>
        <line num="42" count="0" type="stmt"/>
        <line num="44" count="0" type="stmt"/>
        <line num="45" count="0" type="cond" truecount="0" falsecount="2"/>
        <line num="46" count="0" type="stmt"/>
        <line num="50" count="0" type="stmt"/>
        <line num="54" count="0" type="stmt"/>
        <line num="55" count="0" type="stmt"/>
        <line num="56" count="0" type="stmt"/>
        <line num="60" count="0" type="stmt"/>
        <line num="61" count="0" type="stmt"/>
        <line num="63" count="0" type="stmt"/>
      </file>
      <file name="index.ts" path="C:\Users\Administrator\Documents\reaction.git\src\handles\index.ts">
        <metrics statements="2" coveredstatements="2" conditionals="2" coveredconditionals="2" methods="1" coveredmethods="1"/>
        <line num="5" count="3" type="stmt"/>
        <line num="14" count="22" type="cond" truecount="2" falsecount="0"/>
      </file>
    </package>
  </project>
</coverage>
