{"C:\\Users\\Administrator\\Documents\\reaction.git\\src\\help.ts": {"path":"C:\\Users\\Administrator\\Documents\\reaction.git\\src\\help.ts","statementMap":{"0":{"start":{"line":3,"column":24},"end":{"line":3,"column":68}},"1":{"start":{"line":3,"column":45},"end":{"line":3,"column":68}}},"fnMap":{"0":{"name":"(anonymous_0)","decl":{"start":{"line":3,"column":24},"end":{"line":3,"column":25}},"loc":{"start":{"line":3,"column":45},"end":{"line":3,"column":68}},"line":3}},"branchMap":{},"s":{"0":3,"1":64},"f":{"0":64},"b":{},"_coverageSchema":"1a1c01bbd47fc00a2c39e90264f33305004495a9","hash":"9b32821606a5adc5413379e7678fe614c2529ac5"}
,"C:\\Users\\Administrator\\Documents\\reaction.git\\src\\index.ts": {"path":"C:\\Users\\Administrator\\Documents\\reaction.git\\src\\index.ts","statementMap":{},"fnMap":{},"branchMap":{},"s":{},"f":{},"b":{},"_coverageSchema":"1a1c01bbd47fc00a2c39e90264f33305004495a9","hash":"2ec2df77542e41f035819d162df7de8ab7de240e"}
,"C:\\Users\\Administrator\\Documents\\reaction.git\\src\\internals.ts": {"path":"C:\\Users\\Administrator\\Documents\\reaction.git\\src\\internals.ts","statementMap":{"0":{"start":{"line":8,"column":24},"end":{"line":8,"column":50}},"1":{"start":{"line":9,"column":24},"end":{"line":9,"column":50}},"2":{"start":{"line":10,"column":24},"end":{"line":10,"column":69}},"3":{"start":{"line":11,"column":27},"end":{"line":11,"column":50}},"4":{"start":{"line":14,"column":6},"end":{"line":14,"column":39}},"5":{"start":{"line":18,"column":6},"end":{"line":18,"column":38}},"6":{"start":{"line":19,"column":6},"end":{"line":19,"column":37}},"7":{"start":{"line":20,"column":6},"end":{"line":20,"column":42}},"8":{"start":{"line":24,"column":6},"end":{"line":24,"column":48}}},"fnMap":{"0":{"name":"(anonymous_0)","decl":{"start":{"line":13,"column":4},"end":{"line":13,"column":5}},"loc":{"start":{"line":13,"column":45},"end":{"line":15,"column":5}},"line":13},"1":{"name":"(anonymous_1)","decl":{"start":{"line":17,"column":4},"end":{"line":17,"column":5}},"loc":{"start":{"line":17,"column":36},"end":{"line":21,"column":5}},"line":17},"2":{"name":"(anonymous_2)","decl":{"start":{"line":23,"column":4},"end":{"line":23,"column":5}},"loc":{"start":{"line":23,"column":48},"end":{"line":25,"column":5}},"line":23}},"branchMap":{},"s":{"0":3,"1":3,"2":3,"3":3,"4":22,"5":22,"6":22,"7":22,"8":0},"f":{"0":22,"1":22,"2":0},"b":{},"_coverageSchema":"1a1c01bbd47fc00a2c39e90264f33305004495a9","hash":"82a367149b943b9136ea50d02817a25ae464d85e"}
,"C:\\Users\\Administrator\\Documents\\reaction.git\\src\\observable.ts": {"path":"C:\\Users\\Administrator\\Documents\\reaction.git\\src\\observable.ts","statementMap":{"0":{"start":{"line":11,"column":19},"end":{"line":21,"column":1}},"1":{"start":{"line":13,"column":4},"end":{"line":13,"column":45}},"2":{"start":{"line":13,"column":34},"end":{"line":13,"column":45}},"3":{"start":{"line":14,"column":25},"end":{"line":14,"column":50}},"4":{"start":{"line":16,"column":4},"end":{"line":16,"column":41}},"5":{"start":{"line":16,"column":21},"end":{"line":16,"column":41}},"6":{"start":{"line":18,"column":4},"end":{"line":18,"column":57}},"7":{"start":{"line":20,"column":4},"end":{"line":20,"column":31}},"8":{"start":{"line":23,"column":28},"end":{"line":23,"column":90}},"9":{"start":{"line":23,"column":65},"end":{"line":23,"column":90}}},"fnMap":{"0":{"name":"(anonymous_0)","decl":{"start":{"line":11,"column":19},"end":{"line":11,"column":20}},"loc":{"start":{"line":11,"column":39},"end":{"line":21,"column":1}},"line":11},"1":{"name":"(anonymous_1)","decl":{"start":{"line":23,"column":28},"end":{"line":23,"column":29}},"loc":{"start":{"line":23,"column":65},"end":{"line":23,"column":90}},"line":23}},"branchMap":{"0":{"loc":{"start":{"line":11,"column":20},"end":{"line":11,"column":33}},"type":"default-arg","locations":[{"start":{"line":11,"column":31},"end":{"line":11,"column":33}}],"line":11},"1":{"loc":{"start":{"line":13,"column":4},"end":{"line":13,"column":45}},"type":"if","locations":[{"start":{"line":13,"column":4},"end":{"line":13,"column":45}},{"start":{"line":13,"column":4},"end":{"line":13,"column":45}}],"line":13},"2":{"loc":{"start":{"line":16,"column":4},"end":{"line":16,"column":41}},"type":"if","locations":[{"start":{"line":16,"column":4},"end":{"line":16,"column":41}},{"start":{"line":16,"column":4},"end":{"line":16,"column":41}}],"line":16}},"s":{"0":3,"1":26,"2":1,"3":25,"4":25,"5":3,"6":22,"7":22,"8":3,"9":11},"f":{"0":26,"1":11},"b":{"0":[5],"1":[1,25],"2":[3,22]},"_coverageSchema":"1a1c01bbd47fc00a2c39e90264f33305004495a9","hash":"806b58d92854963b078e8469715111585dae4ca7"}
,"C:\\Users\\Administrator\\Documents\\reaction.git\\src\\observer.ts": {"path":"C:\\Users\\Administrator\\Documents\\reaction.git\\src\\observer.ts","statementMap":{"0":{"start":{"line":3,"column":17},"end":{"line":8,"column":1}},"1":{"start":{"line":4,"column":19},"end":{"line":4,"column":35}},"2":{"start":{"line":5,"column":2},"end":{"line":5,"column":17}},"3":{"start":{"line":6,"column":2},"end":{"line":6,"column":43}}},"fnMap":{"0":{"name":"(anonymous_0)","decl":{"start":{"line":3,"column":17},"end":{"line":3,"column":18}},"loc":{"start":{"line":3,"column":42},"end":{"line":8,"column":1}},"line":3}},"branchMap":{},"s":{"0":3,"1":18,"2":18,"3":18},"f":{"0":18},"b":{},"_coverageSchema":"1a1c01bbd47fc00a2c39e90264f33305004495a9","hash":"8a0a713ae750fcc67dd5a181d3de56bc7c9b8730"}
,"C:\\Users\\Administrator\\Documents\\reaction.git\\src\\reaction.ts": {"path":"C:\\Users\\Administrator\\Documents\\reaction.git\\src\\reaction.ts","statementMap":{"0":{"start":{"line":11,"column":27},"end":{"line":11,"column":36}},"1":{"start":{"line":12,"column":33},"end":{"line":12,"column":35}},"2":{"start":{"line":13,"column":41},"end":{"line":13,"column":43}},"3":{"start":{"line":15,"column":23},"end":{"line":15,"column":46}},"4":{"start":{"line":18,"column":5},"end":{"line":18,"column":24}},"5":{"start":{"line":23,"column":2},"end":{"line":33,"column":3}},"6":{"start":{"line":24,"column":3},"end":{"line":24,"column":22}},"7":{"start":{"line":25,"column":3},"end":{"line":32,"column":4}},"8":{"start":{"line":26,"column":4},"end":{"line":26,"column":30}},"9":{"start":{"line":27,"column":4},"end":{"line":27,"column":20}},"10":{"start":{"line":31,"column":4},"end":{"line":31,"column":25}},"11":{"start":{"line":39,"column":2},"end":{"line":45,"column":3}},"12":{"start":{"line":40,"column":3},"end":{"line":42,"column":6}},"13":{"start":{"line":41,"column":4},"end":{"line":41,"column":37}},"14":{"start":{"line":43,"column":3},"end":{"line":43,"column":25}},"15":{"start":{"line":50,"column":2},"end":{"line":50,"column":32}},"16":{"start":{"line":55,"column":28},"end":{"line":55,"column":52}},"17":{"start":{"line":56,"column":2},"end":{"line":76,"column":3}},"18":{"start":{"line":57,"column":31},"end":{"line":57,"column":40}},"19":{"start":{"line":60,"column":4},"end":{"line":60,"column":54}},"20":{"start":{"line":60,"column":26},"end":{"line":60,"column":54}},"21":{"start":{"line":62,"column":27},"end":{"line":62,"column":55}},"22":{"start":{"line":63,"column":25},"end":{"line":63,"column":57}},"23":{"start":{"line":65,"column":3},"end":{"line":68,"column":4}},"24":{"start":{"line":66,"column":4},"end":{"line":66,"column":32}},"25":{"start":{"line":67,"column":4},"end":{"line":67,"column":54}},"26":{"start":{"line":70,"column":3},"end":{"line":74,"column":4}},"27":{"start":{"line":71,"column":4},"end":{"line":71,"column":41}},"28":{"start":{"line":72,"column":4},"end":{"line":72,"column":50}},"29":{"start":{"line":81,"column":20},"end":{"line":81,"column":35}},"30":{"start":{"line":82,"column":2},"end":{"line":82,"column":71}},"31":{"start":{"line":88,"column":26},"end":{"line":88,"column":67}},"32":{"start":{"line":89,"column":26},"end":{"line":89,"column":45}},"33":{"start":{"line":91,"column":2},"end":{"line":91,"column":64}},"34":{"start":{"line":93,"column":2},"end":{"line":95,"column":3}},"35":{"start":{"line":94,"column":3},"end":{"line":94,"column":111}},"36":{"start":{"line":97,"column":2},"end":{"line":97,"column":25}},"37":{"start":{"line":102,"column":2},"end":{"line":102,"column":95}},"38":{"start":{"line":102,"column":79},"end":{"line":102,"column":93}},"39":{"start":{"line":106,"column":2},"end":{"line":106,"column":35}}},"fnMap":{"0":{"name":"(anonymous_0)","decl":{"start":{"line":11,"column":27},"end":{"line":11,"column":28}},"loc":{"start":{"line":11,"column":33},"end":{"line":11,"column":36}},"line":11},"1":{"name":"(anonymous_1)","decl":{"start":{"line":17,"column":3},"end":{"line":17,"column":4}},"loc":{"start":{"line":17,"column":26},"end":{"line":19,"column":4}},"line":17},"2":{"name":"(anonymous_2)","decl":{"start":{"line":22,"column":1},"end":{"line":22,"column":2}},"loc":{"start":{"line":22,"column":7},"end":{"line":35,"column":2}},"line":22},"3":{"name":"(anonymous_3)","decl":{"start":{"line":38,"column":1},"end":{"line":38,"column":2}},"loc":{"start":{"line":38,"column":28},"end":{"line":46,"column":2}},"line":38},"4":{"name":"(anonymous_4)","decl":{"start":{"line":40,"column":24},"end":{"line":40,"column":25}},"loc":{"start":{"line":40,"column":45},"end":{"line":42,"column":4}},"line":40},"5":{"name":"(anonymous_5)","decl":{"start":{"line":49,"column":1},"end":{"line":49,"column":2}},"loc":{"start":{"line":49,"column":30},"end":{"line":51,"column":2}},"line":49},"6":{"name":"(anonymous_6)","decl":{"start":{"line":54,"column":1},"end":{"line":54,"column":2}},"loc":{"start":{"line":54,"column":40},"end":{"line":78,"column":2}},"line":54},"7":{"name":"(anonymous_7)","decl":{"start":{"line":80,"column":1},"end":{"line":80,"column":2}},"loc":{"start":{"line":80,"column":120},"end":{"line":83,"column":2}},"line":80},"8":{"name":"(anonymous_8)","decl":{"start":{"line":87,"column":1},"end":{"line":87,"column":2}},"loc":{"start":{"line":87,"column":82},"end":{"line":98,"column":2}},"line":87},"9":{"name":"(anonymous_9)","decl":{"start":{"line":101,"column":1},"end":{"line":101,"column":2}},"loc":{"start":{"line":101,"column":60},"end":{"line":103,"column":2}},"line":101},"10":{"name":"(anonymous_10)","decl":{"start":{"line":102,"column":67},"end":{"line":102,"column":68}},"loc":{"start":{"line":102,"column":79},"end":{"line":102,"column":93}},"line":102},"11":{"name":"(anonymous_11)","decl":{"start":{"line":105,"column":1},"end":{"line":105,"column":2}},"loc":{"start":{"line":105,"column":30},"end":{"line":107,"column":2}},"line":105}},"branchMap":{"0":{"loc":{"start":{"line":23,"column":2},"end":{"line":33,"column":3}},"type":"if","locations":[{"start":{"line":23,"column":2},"end":{"line":33,"column":3}},{"start":{"line":23,"column":2},"end":{"line":33,"column":3}}],"line":23},"1":{"loc":{"start":{"line":39,"column":2},"end":{"line":45,"column":3}},"type":"if","locations":[{"start":{"line":39,"column":2},"end":{"line":45,"column":3}},{"start":{"line":39,"column":2},"end":{"line":45,"column":3}}],"line":39},"2":{"loc":{"start":{"line":50,"column":15},"end":{"line":50,"column":30}},"type":"binary-expr","locations":[{"start":{"line":50,"column":15},"end":{"line":50,"column":22}},{"start":{"line":50,"column":26},"end":{"line":50,"column":30}}],"line":50},"3":{"loc":{"start":{"line":56,"column":2},"end":{"line":76,"column":3}},"type":"if","locations":[{"start":{"line":56,"column":2},"end":{"line":76,"column":3}},{"start":{"line":56,"column":2},"end":{"line":76,"column":3}}],"line":56},"4":{"loc":{"start":{"line":60,"column":4},"end":{"line":60,"column":54}},"type":"if","locations":[{"start":{"line":60,"column":4},"end":{"line":60,"column":54}},{"start":{"line":60,"column":4},"end":{"line":60,"column":54}}],"line":60},"5":{"loc":{"start":{"line":65,"column":3},"end":{"line":68,"column":4}},"type":"if","locations":[{"start":{"line":65,"column":3},"end":{"line":68,"column":4}},{"start":{"line":65,"column":3},"end":{"line":68,"column":4}}],"line":65},"6":{"loc":{"start":{"line":70,"column":3},"end":{"line":74,"column":4}},"type":"if","locations":[{"start":{"line":70,"column":3},"end":{"line":74,"column":4}},{"start":{"line":70,"column":3},"end":{"line":74,"column":4}}],"line":70},"7":{"loc":{"start":{"line":82,"column":2},"end":{"line":82,"column":70}},"type":"binary-expr","locations":[{"start":{"line":82,"column":2},"end":{"line":82,"column":11}},{"start":{"line":82,"column":15},"end":{"line":82,"column":70}}],"line":82},"8":{"loc":{"start":{"line":88,"column":26},"end":{"line":88,"column":67}},"type":"binary-expr","locations":[{"start":{"line":88,"column":26},"end":{"line":88,"column":54}},{"start":{"line":88,"column":58},"end":{"line":88,"column":67}}],"line":88},"9":{"loc":{"start":{"line":91,"column":2},"end":{"line":91,"column":63}},"type":"binary-expr","locations":[{"start":{"line":91,"column":2},"end":{"line":91,"column":5}},{"start":{"line":91,"column":10},"end":{"line":91,"column":63}}],"line":91},"10":{"loc":{"start":{"line":93,"column":2},"end":{"line":95,"column":3}},"type":"if","locations":[{"start":{"line":93,"column":2},"end":{"line":95,"column":3}},{"start":{"line":93,"column":2},"end":{"line":95,"column":3}}],"line":93},"11":{"loc":{"start":{"line":93,"column":5},"end":{"line":93,"column":60}},"type":"binary-expr","locations":[{"start":{"line":93,"column":5},"end":{"line":93,"column":19}},{"start":{"line":93,"column":23},"end":{"line":93,"column":40}},{"start":{"line":93,"column":44},"end":{"line":93,"column":60}}],"line":93},"12":{"loc":{"start":{"line":94,"column":52},"end":{"line":94,"column":109}},"type":"cond-expr","locations":[{"start":{"line":94,"column":76},"end":{"line":94,"column":84}},{"start":{"line":94,"column":88},"end":{"line":94,"column":109}}],"line":94}},"s":{"0":18,"1":3,"2":18,"3":3,"4":18,"5":50,"6":43,"7":43,"8":43,"9":43,"10":43,"11":48,"12":30,"13":46,"14":30,"15":5,"16":95,"17":95,"18":68,"19":68,"20":0,"21":68,"22":68,"23":68,"24":20,"25":20,"26":68,"27":64,"28":64,"29":40,"30":40,"31":33,"32":33,"33":33,"34":33,"35":7,"36":33,"37":33,"38":32,"39":94},"f":{"0":0,"1":18,"2":50,"3":48,"4":46,"5":5,"6":95,"7":40,"8":33,"9":33,"10":32,"11":94},"b":{"0":[43,7],"1":[30,18],"2":[5,5],"3":[68,27],"4":[0,68],"5":[20,48],"6":[64,4],"7":[40,33],"8":[33,0],"9":[33,33],"10":[7,26],"11":[33,28,26],"12":[3,4]},"_coverageSchema":"1a1c01bbd47fc00a2c39e90264f33305004495a9","hash":"9f5783af019ce217c7db864751fc53bbd669fa24"}
,"C:\\Users\\Administrator\\Documents\\reaction.git\\src\\handles\\base.ts": {"path":"C:\\Users\\Administrator\\Documents\\reaction.git\\src\\handles\\base.ts","statementMap":{"0":{"start":{"line":6,"column":19},"end":{"line":28,"column":1}},"1":{"start":{"line":8,"column":17},"end":{"line":8,"column":52}},"2":{"start":{"line":10,"column":2},"end":{"line":10,"column":45}},"3":{"start":{"line":10,"column":31},"end":{"line":10,"column":45}},"4":{"start":{"line":12,"column":2},"end":{"line":12,"column":66}},"5":{"start":{"line":13,"column":27},"end":{"line":13,"column":55}},"6":{"start":{"line":16,"column":2},"end":{"line":25,"column":3}},"7":{"start":{"line":19,"column":25},"end":{"line":19,"column":71}},"8":{"start":{"line":21,"column":6},"end":{"line":24,"column":7}},"9":{"start":{"line":23,"column":8},"end":{"line":23,"column":34}},"10":{"start":{"line":27,"column":2},"end":{"line":27,"column":36}},"11":{"start":{"line":31,"column":19},"end":{"line":51,"column":1}},"12":{"start":{"line":32,"column":19},"end":{"line":32,"column":31}},"13":{"start":{"line":33,"column":18},"end":{"line":33,"column":68}},"14":{"start":{"line":35,"column":2},"end":{"line":37,"column":3}},"15":{"start":{"line":36,"column":4},"end":{"line":36,"column":49}},"16":{"start":{"line":40,"column":17},"end":{"line":40,"column":59}},"17":{"start":{"line":42,"column":2},"end":{"line":47,"column":3}},"18":{"start":{"line":43,"column":4},"end":{"line":43,"column":76}},"19":{"start":{"line":45,"column":9},"end":{"line":47,"column":3}},"20":{"start":{"line":46,"column":4},"end":{"line":46,"column":76}},"21":{"start":{"line":49,"column":2},"end":{"line":49,"column":16}},"22":{"start":{"line":53,"column":31},"end":{"line":62,"column":1}},"23":{"start":{"line":54,"column":20},"end":{"line":54,"column":70}},"24":{"start":{"line":55,"column":19},"end":{"line":55,"column":55}},"25":{"start":{"line":57,"column":4},"end":{"line":59,"column":5}},"26":{"start":{"line":58,"column":6},"end":{"line":58,"column":92}},"27":{"start":{"line":61,"column":4},"end":{"line":61,"column":18}},"28":{"start":{"line":64,"column":19},"end":{"line":69,"column":1}},"29":{"start":{"line":66,"column":2},"end":{"line":66,"column":54}},"30":{"start":{"line":67,"column":2},"end":{"line":67,"column":35}},"31":{"start":{"line":72,"column":23},"end":{"line":75,"column":1}},"32":{"start":{"line":73,"column":2},"end":{"line":73,"column":48}},"33":{"start":{"line":74,"column":2},"end":{"line":74,"column":33}},"34":{"start":{"line":77,"column":16},"end":{"line":83,"column":1}}},"fnMap":{"0":{"name":"(anonymous_0)","decl":{"start":{"line":6,"column":19},"end":{"line":6,"column":20}},"loc":{"start":{"line":6,"column":86},"end":{"line":28,"column":1}},"line":6},"1":{"name":"(anonymous_1)","decl":{"start":{"line":31,"column":19},"end":{"line":31,"column":20}},"loc":{"start":{"line":31,"column":98},"end":{"line":51,"column":1}},"line":31},"2":{"name":"(anonymous_2)","decl":{"start":{"line":53,"column":31},"end":{"line":53,"column":32}},"loc":{"start":{"line":53,"column":82},"end":{"line":62,"column":1}},"line":53},"3":{"name":"(anonymous_3)","decl":{"start":{"line":64,"column":19},"end":{"line":64,"column":20}},"loc":{"start":{"line":64,"column":67},"end":{"line":69,"column":1}},"line":64},"4":{"name":"(anonymous_4)","decl":{"start":{"line":72,"column":23},"end":{"line":72,"column":24}},"loc":{"start":{"line":72,"column":42},"end":{"line":75,"column":1}},"line":72}},"branchMap":{"0":{"loc":{"start":{"line":10,"column":2},"end":{"line":10,"column":45}},"type":"if","locations":[{"start":{"line":10,"column":2},"end":{"line":10,"column":45}},{"start":{"line":10,"column":2},"end":{"line":10,"column":45}}],"line":10},"1":{"loc":{"start":{"line":16,"column":2},"end":{"line":25,"column":3}},"type":"if","locations":[{"start":{"line":16,"column":2},"end":{"line":25,"column":3}},{"start":{"line":16,"column":2},"end":{"line":25,"column":3}}],"line":16},"2":{"loc":{"start":{"line":16,"column":5},"end":{"line":16,"column":73}},"type":"binary-expr","locations":[{"start":{"line":16,"column":5},"end":{"line":16,"column":35}},{"start":{"line":16,"column":39},"end":{"line":16,"column":53}},{"start":{"line":16,"column":57},"end":{"line":16,"column":73}}],"line":16},"3":{"loc":{"start":{"line":21,"column":6},"end":{"line":24,"column":7}},"type":"if","locations":[{"start":{"line":21,"column":6},"end":{"line":24,"column":7}},{"start":{"line":21,"column":6},"end":{"line":24,"column":7}}],"line":21},"4":{"loc":{"start":{"line":21,"column":9},"end":{"line":21,"column":93}},"type":"binary-expr","locations":[{"start":{"line":21,"column":9},"end":{"line":21,"column":20}},{"start":{"line":21,"column":24},"end":{"line":21,"column":93}}],"line":21},"5":{"loc":{"start":{"line":21,"column":26},"end":{"line":21,"column":92}},"type":"binary-expr","locations":[{"start":{"line":21,"column":26},"end":{"line":21,"column":55}},{"start":{"line":21,"column":59},"end":{"line":21,"column":92}}],"line":21},"6":{"loc":{"start":{"line":27,"column":9},"end":{"line":27,"column":35}},"type":"binary-expr","locations":[{"start":{"line":27,"column":9},"end":{"line":27,"column":25}},{"start":{"line":27,"column":29},"end":{"line":27,"column":35}}],"line":27},"7":{"loc":{"start":{"line":35,"column":2},"end":{"line":37,"column":3}},"type":"if","locations":[{"start":{"line":35,"column":2},"end":{"line":37,"column":3}},{"start":{"line":35,"column":2},"end":{"line":37,"column":3}}],"line":35},"8":{"loc":{"start":{"line":35,"column":5},"end":{"line":35,"column":47}},"type":"binary-expr","locations":[{"start":{"line":35,"column":5},"end":{"line":35,"column":30}},{"start":{"line":35,"column":34},"end":{"line":35,"column":47}}],"line":35},"9":{"loc":{"start":{"line":36,"column":12},"end":{"line":36,"column":48}},"type":"binary-expr","locations":[{"start":{"line":36,"column":12},"end":{"line":36,"column":39}},{"start":{"line":36,"column":43},"end":{"line":36,"column":48}}],"line":36},"10":{"loc":{"start":{"line":42,"column":2},"end":{"line":47,"column":3}},"type":"if","locations":[{"start":{"line":42,"column":2},"end":{"line":47,"column":3}},{"start":{"line":42,"column":2},"end":{"line":47,"column":3}}],"line":42},"11":{"loc":{"start":{"line":45,"column":9},"end":{"line":47,"column":3}},"type":"if","locations":[{"start":{"line":45,"column":9},"end":{"line":47,"column":3}},{"start":{"line":45,"column":9},"end":{"line":47,"column":3}}],"line":45},"12":{"loc":{"start":{"line":57,"column":4},"end":{"line":59,"column":5}},"type":"if","locations":[{"start":{"line":57,"column":4},"end":{"line":59,"column":5}},{"start":{"line":57,"column":4},"end":{"line":59,"column":5}}],"line":57}},"s":{"0":3,"1":96,"2":96,"3":2,"4":94,"5":94,"6":94,"7":5,"8":5,"9":4,"10":90,"11":3,"12":32,"13":32,"14":32,"15":3,"16":32,"17":32,"18":5,"19":27,"20":26,"21":32,"22":3,"23":2,"24":2,"25":2,"26":2,"27":2,"28":3,"29":1,"30":1,"31":3,"32":0,"33":0,"34":3},"f":{"0":96,"1":32,"2":2,"3":1,"4":0},"b":{"0":[2,94],"1":[5,89],"2":[94,68,64],"3":[4,1],"4":[5,5],"5":[5,1],"6":[90,88],"7":[3,29],"8":[32,3],"9":[3,2],"10":[5,27],"11":[26,1],"12":[2,0]},"_coverageSchema":"1a1c01bbd47fc00a2c39e90264f33305004495a9","hash":"1244d4ad071eb7cdb9f16cd07ddb7b2378b5ca34"}
,"C:\\Users\\Administrator\\Documents\\reaction.git\\src\\handles\\collections.ts": {"path":"C:\\Users\\Administrator\\Documents\\reaction.git\\src\\handles\\collections.ts","statementMap":{"0":{"start":{"line":9,"column":26},"end":{"line":9,"column":51}},"1":{"start":{"line":10,"column":4},"end":{"line":13,"column":5}},"2":{"start":{"line":11,"column":8},"end":{"line":11,"column":47}},"3":{"start":{"line":11,"column":26},"end":{"line":11,"column":47}},"4":{"start":{"line":12,"column":8},"end":{"line":12,"column":31}},"5":{"start":{"line":15,"column":4},"end":{"line":15,"column":32}},"6":{"start":{"line":19,"column":26},"end":{"line":24,"column":1}},"7":{"start":{"line":20,"column":4},"end":{"line":23,"column":5}},"8":{"start":{"line":29,"column":21},"end":{"line":67,"column":1}},"9":{"start":{"line":32,"column":34},"end":{"line":32,"column":57}},"10":{"start":{"line":33,"column":8},"end":{"line":33,"column":53}},"11":{"start":{"line":34,"column":8},"end":{"line":34,"column":66}},"12":{"start":{"line":38,"column":34},"end":{"line":38,"column":57}},"13":{"start":{"line":39,"column":24},"end":{"line":39,"column":51}},"14":{"start":{"line":40,"column":23},"end":{"line":40,"column":57}},"15":{"start":{"line":41,"column":8},"end":{"line":48,"column":9}},"16":{"start":{"line":42,"column":12},"end":{"line":42,"column":72}},"17":{"start":{"line":44,"column":28},"end":{"line":44,"column":55}},"18":{"start":{"line":45,"column":11},"end":{"line":47,"column":12}},"19":{"start":{"line":46,"column":13},"end":{"line":46,"column":83}},"20":{"start":{"line":50,"column":8},"end":{"line":50,"column":22}},"21":{"start":{"line":54,"column":34},"end":{"line":54,"column":57}},"22":{"start":{"line":55,"column":8},"end":{"line":55,"column":61}},"23":{"start":{"line":56,"column":8},"end":{"line":56,"column":43}},"24":{"start":{"line":60,"column":34},"end":{"line":60,"column":57}},"25":{"start":{"line":61,"column":8},"end":{"line":61,"column":62}},"26":{"start":{"line":63,"column":8},"end":{"line":63,"column":50}}},"fnMap":{"0":{"name":"findObservable","decl":{"start":{"line":8,"column":9},"end":{"line":8,"column":23}},"loc":{"start":{"line":8,"column":37},"end":{"line":17,"column":1}},"line":8},"1":{"name":"(anonymous_1)","decl":{"start":{"line":19,"column":26},"end":{"line":19,"column":27}},"loc":{"start":{"line":19,"column":49},"end":{"line":24,"column":1}},"line":19},"2":{"name":"(anonymous_2)","decl":{"start":{"line":31,"column":4},"end":{"line":31,"column":5}},"loc":{"start":{"line":31,"column":19},"end":{"line":35,"column":5}},"line":31},"3":{"name":"(anonymous_3)","decl":{"start":{"line":37,"column":4},"end":{"line":37,"column":5}},"loc":{"start":{"line":37,"column":29},"end":{"line":51,"column":5}},"line":37},"4":{"name":"(anonymous_4)","decl":{"start":{"line":53,"column":4},"end":{"line":53,"column":5}},"loc":{"start":{"line":53,"column":17},"end":{"line":57,"column":5}},"line":53},"5":{"name":"(anonymous_5)","decl":{"start":{"line":59,"column":4},"end":{"line":59,"column":5}},"loc":{"start":{"line":59,"column":29},"end":{"line":65,"column":5}},"line":59}},"branchMap":{"0":{"loc":{"start":{"line":10,"column":4},"end":{"line":13,"column":5}},"type":"if","locations":[{"start":{"line":10,"column":4},"end":{"line":13,"column":5}},{"start":{"line":10,"column":4},"end":{"line":13,"column":5}}],"line":10},"1":{"loc":{"start":{"line":10,"column":7},"end":{"line":10,"column":80}},"type":"binary-expr","locations":[{"start":{"line":10,"column":7},"end":{"line":10,"column":37}},{"start":{"line":10,"column":42},"end":{"line":10,"column":65}},{"start":{"line":10,"column":69},"end":{"line":10,"column":80}}],"line":10},"2":{"loc":{"start":{"line":11,"column":8},"end":{"line":11,"column":47}},"type":"if","locations":[{"start":{"line":11,"column":8},"end":{"line":11,"column":47}},{"start":{"line":11,"column":8},"end":{"line":11,"column":47}}],"line":11},"3":{"loc":{"start":{"line":15,"column":11},"end":{"line":15,"column":31}},"type":"binary-expr","locations":[{"start":{"line":15,"column":11},"end":{"line":15,"column":24}},{"start":{"line":15,"column":28},"end":{"line":15,"column":31}}],"line":15},"4":{"loc":{"start":{"line":41,"column":8},"end":{"line":48,"column":9}},"type":"if","locations":[{"start":{"line":41,"column":8},"end":{"line":48,"column":9}},{"start":{"line":41,"column":8},"end":{"line":48,"column":9}}],"line":41},"5":{"loc":{"start":{"line":45,"column":11},"end":{"line":47,"column":12}},"type":"if","locations":[{"start":{"line":45,"column":11},"end":{"line":47,"column":12}},{"start":{"line":45,"column":11},"end":{"line":47,"column":12}}],"line":45}},"s":{"0":0,"1":0,"2":0,"3":0,"4":0,"5":0,"6":3,"7":0,"8":3,"9":0,"10":0,"11":0,"12":0,"13":0,"14":0,"15":0,"16":0,"17":0,"18":0,"19":0,"20":0,"21":0,"22":0,"23":0,"24":0,"25":0,"26":0},"f":{"0":0,"1":0,"2":0,"3":0,"4":0,"5":0},"b":{"0":[0,0],"1":[0,0,0],"2":[0,0],"3":[0,0],"4":[0,0],"5":[0,0]},"_coverageSchema":"1a1c01bbd47fc00a2c39e90264f33305004495a9","hash":"f475a3832312d5788b29dca548e744ecefc62cbf"}
,"C:\\Users\\Administrator\\Documents\\reaction.git\\src\\handles\\index.ts": {"path":"C:\\Users\\Administrator\\Documents\\reaction.git\\src\\handles\\index.ts","statementMap":{"0":{"start":{"line":5,"column":17},"end":{"line":10,"column":2}},"1":{"start":{"line":14,"column":3},"end":{"line":14,"column":57}}},"fnMap":{"0":{"name":"getHandles","decl":{"start":{"line":13,"column":24},"end":{"line":13,"column":34}},"loc":{"start":{"line":13,"column":44},"end":{"line":15,"column":1}},"line":13}},"branchMap":{"0":{"loc":{"start":{"line":14,"column":11},"end":{"line":14,"column":55}},"type":"binary-expr","locations":[{"start":{"line":14,"column":11},"end":{"line":14,"column":40}},{"start":{"line":14,"column":44},"end":{"line":14,"column":55}}],"line":14}},"s":{"0":3,"1":22},"f":{"0":22},"b":{"0":[22,21]},"_coverageSchema":"1a1c01bbd47fc00a2c39e90264f33305004495a9","hash":"8575da27e5d6f892bb953423b0cb48f5debb1173"}
}
