TN:
SF:src\help.ts
FN:3,(anonymous_0)
FNF:1
FNH:1
FNDA:64,(anonymous_0)
DA:3,64
LF:1
LH:1
BRF:0
BRH:0
end_of_record
TN:
SF:src\index.ts
FNF:0
FNH:0
LF:0
LH:0
BRF:0
BRH:0
end_of_record
TN:
SF:src\internals.ts
FN:13,(anonymous_0)
FN:17,(anonymous_1)
FN:23,(anonymous_2)
FNF:3
FNH:2
FNDA:22,(anonymous_0)
FNDA:22,(anonymous_1)
FNDA:0,(anonymous_2)
DA:8,3
DA:9,3
DA:10,3
DA:11,3
DA:14,22
DA:18,22
DA:19,22
DA:20,22
DA:24,0
LF:9
LH:8
BRF:0
BRH:0
end_of_record
TN:
SF:src\observable.ts
FN:11,(anonymous_0)
FN:23,(anonymous_1)
FNF:2
FNH:2
FNDA:26,(anonymous_0)
FNDA:11,(anonymous_1)
DA:11,3
DA:13,26
DA:14,25
DA:16,25
DA:18,22
DA:20,22
DA:23,11
LF:7
LH:7
BRDA:11,0,0,5
BRDA:13,1,0,1
BRDA:13,1,1,25
BRDA:16,2,0,3
BRDA:16,2,1,22
BRF:5
BRH:5
end_of_record
TN:
SF:src\observer.ts
FN:3,(anonymous_0)
FNF:1
FNH:1
FNDA:18,(anonymous_0)
DA:3,3
DA:4,18
DA:5,18
DA:6,18
LF:4
LH:4
BRF:0
BRH:0
end_of_record
TN:
SF:src\reaction.ts
FN:11,(anonymous_0)
FN:17,(anonymous_1)
FN:22,(anonymous_2)
FN:38,(anonymous_3)
FN:40,(anonymous_4)
FN:49,(anonymous_5)
FN:54,(anonymous_6)
FN:80,(anonymous_7)
FN:87,(anonymous_8)
FN:101,(anonymous_9)
FN:102,(anonymous_10)
FN:105,(anonymous_11)
FNF:12
FNH:11
FNDA:0,(anonymous_0)
FNDA:18,(anonymous_1)
FNDA:50,(anonymous_2)
FNDA:48,(anonymous_3)
FNDA:46,(anonymous_4)
FNDA:5,(anonymous_5)
FNDA:95,(anonymous_6)
FNDA:40,(anonymous_7)
FNDA:33,(anonymous_8)
FNDA:33,(anonymous_9)
FNDA:32,(anonymous_10)
FNDA:94,(anonymous_11)
DA:11,18
DA:12,3
DA:13,18
DA:15,3
DA:18,18
DA:23,50
DA:24,43
DA:25,43
DA:26,43
DA:27,43
DA:31,43
DA:39,48
DA:40,30
DA:41,46
DA:43,30
DA:50,5
DA:55,95
DA:56,95
DA:57,68
DA:60,68
DA:62,68
DA:63,68
DA:65,68
DA:66,20
DA:67,20
DA:70,68
DA:71,64
DA:72,64
DA:81,40
DA:82,40
DA:88,33
DA:89,33
DA:91,33
DA:93,33
DA:94,7
DA:97,33
DA:102,33
DA:106,94
LF:38
LH:38
BRDA:23,0,0,43
BRDA:23,0,1,7
BRDA:39,1,0,30
BRDA:39,1,1,18
BRDA:50,2,0,5
BRDA:50,2,1,5
BRDA:56,3,0,68
BRDA:56,3,1,27
BRDA:60,4,0,0
BRDA:60,4,1,68
BRDA:65,5,0,20
BRDA:65,5,1,48
BRDA:70,6,0,64
BRDA:70,6,1,4
BRDA:82,7,0,40
BRDA:82,7,1,33
BRDA:88,8,0,33
BRDA:88,8,1,0
BRDA:91,9,0,33
BRDA:91,9,1,33
BRDA:93,10,0,7
BRDA:93,10,1,26
BRDA:93,11,0,33
BRDA:93,11,1,28
BRDA:93,11,2,26
BRDA:94,12,0,3
BRDA:94,12,1,4
BRF:27
BRH:25
end_of_record
TN:
SF:src\handles\base.ts
FN:6,(anonymous_0)
FN:31,(anonymous_1)
FN:53,(anonymous_2)
FN:64,(anonymous_3)
FN:72,(anonymous_4)
FNF:5
FNH:4
FNDA:96,(anonymous_0)
FNDA:32,(anonymous_1)
FNDA:2,(anonymous_2)
FNDA:1,(anonymous_3)
FNDA:0,(anonymous_4)
DA:6,3
DA:8,96
DA:10,96
DA:12,94
DA:13,94
DA:16,94
DA:19,5
DA:21,5
DA:23,4
DA:27,90
DA:31,3
DA:32,32
DA:33,32
DA:35,32
DA:36,3
DA:40,32
DA:42,32
DA:43,5
DA:45,27
DA:46,26
DA:49,32
DA:53,3
DA:54,2
DA:55,2
DA:57,2
DA:58,2
DA:61,2
DA:64,3
DA:66,1
DA:67,1
DA:72,3
DA:73,0
DA:74,0
DA:77,3
LF:34
LH:32
BRDA:10,0,0,2
BRDA:10,0,1,94
BRDA:16,1,0,5
BRDA:16,1,1,89
BRDA:16,2,0,94
BRDA:16,2,1,68
BRDA:16,2,2,64
BRDA:21,3,0,4
BRDA:21,3,1,1
BRDA:21,4,0,5
BRDA:21,4,1,5
BRDA:21,5,0,5
BRDA:21,5,1,1
BRDA:27,6,0,90
BRDA:27,6,1,88
BRDA:35,7,0,3
BRDA:35,7,1,29
BRDA:35,8,0,32
BRDA:35,8,1,3
BRDA:36,9,0,3
BRDA:36,9,1,2
BRDA:42,10,0,5
BRDA:42,10,1,27
BRDA:45,11,0,26
BRDA:45,11,1,1
BRDA:57,12,0,2
BRDA:57,12,1,0
BRF:27
BRH:26
end_of_record
TN:
SF:src\handles\collections.ts
FN:8,findObservable
FN:19,(anonymous_1)
FN:31,(anonymous_2)
FN:37,(anonymous_3)
FN:53,(anonymous_4)
FN:59,(anonymous_5)
FNF:6
FNH:0
FNDA:0,findObservable
FNDA:0,(anonymous_1)
FNDA:0,(anonymous_2)
FNDA:0,(anonymous_3)
FNDA:0,(anonymous_4)
FNDA:0,(anonymous_5)
DA:9,0
DA:10,0
DA:11,0
DA:12,0
DA:15,0
DA:19,3
DA:20,0
DA:29,3
DA:32,0
DA:33,0
DA:34,0
DA:38,0
DA:39,0
DA:40,0
DA:41,0
DA:42,0
DA:44,0
DA:45,0
DA:46,0
DA:50,0
DA:54,0
DA:55,0
DA:56,0
DA:60,0
DA:61,0
DA:63,0
LF:26
LH:2
BRDA:10,0,0,0
BRDA:10,0,1,0
BRDA:10,1,0,0
BRDA:10,1,1,0
BRDA:10,1,2,0
BRDA:11,2,0,0
BRDA:11,2,1,0
BRDA:15,3,0,0
BRDA:15,3,1,0
BRDA:41,4,0,0
BRDA:41,4,1,0
BRDA:45,5,0,0
BRDA:45,5,1,0
BRF:13
BRH:0
end_of_record
TN:
SF:src\handles\index.ts
FN:13,getHandles
FNF:1
FNH:1
FNDA:22,getHandles
DA:5,3
DA:14,22
LF:2
LH:2
BRDA:14,0,0,22
BRDA:14,0,1,21
BRF:2
BRH:2
end_of_record
